<?xml version="1.0" encoding="UTF-8"?>
<!-- Generated by org.testng.reporters.JUnitReportReporter -->
<testsuite hostname="CHNSHL631247L" failures="0" tests="1" name="COM.SeleniumLearning.SeleniumExercises.Lab310" time="33.451" errors="0" timestamp="2024-07-17T08:49:30 IST" skipped="0">
  <testcase classname="COM.SeleniumLearning.SeleniumExercises.Lab310" name="testVwoLoginNegative" time="33.451"/>
</testsuite> <!-- COM.SeleniumLearning.SeleniumExercises.Lab310 -->
