<?xml version="1.0" encoding="UTF-8"?>
<!-- Generated by org.testng.reporters.JUnitReportReporter -->
<testsuite hostname="CHNSHL631247L" failures="0" tests="1" name="COM.SeleniumLearning.SeleniumExercises.Lab298" time="27.216" errors="0" timestamp="2024-07-13T20:16:13 IST" skipped="0">
  <testcase classname="COM.SeleniumLearning.SeleniumExercises.Lab298" name="vwoLogin" time="27.216"/>
</testsuite> <!-- COM.SeleniumLearning.SeleniumExercises.Lab298 -->
