<?xml version="1.0" encoding="UTF-8"?>
<!-- Generated by org.testng.reporters.JUnitReportReporter -->
<testsuite hostname="CHNSHL631247L" failures="0" tests="1" name="COM.SeleniumLearning.SeleniumExercises.Assignment002" time="16.396" errors="0" timestamp="2024-07-18T06:57:53 IST" skipped="0">
  <testcase classname="COM.SeleniumLearning.SeleniumExercises.Assignment002" name="testHerokuapp" time="16.396"/>
</testsuite> <!-- COM.SeleniumLearning.SeleniumExercises.Assignment002 -->
