<?xml version="1.0" encoding="UTF-8"?>
<!-- Generated by org.testng.reporters.JUnitReportReporter -->
<testsuite hostname="CHNSHL631247L" failures="0" tests="2" name="COM.SeleniumLearning.SeleniumExercises.Assignment001" time="17.121" errors="0" timestamp="2024-07-18T06:32:19 IST" skipped="0">
  <testcase classname="COM.SeleniumLearning.SeleniumExercises.Assignment001" name="testVWOLoginPositive" time="14.488"/>
  <testcase classname="COM.SeleniumLearning.SeleniumExercises.Assignment001" name="testDashboardNameDisplay" time="2.633"/>
</testsuite> <!-- COM.SeleniumLearning.SeleniumExercises.Assignment001 -->
