<?xml version="1.0" encoding="UTF-8"?>
<!-- Generated by org.testng.reporters.JUnitReportReporter -->
<testsuite hostname="CHNSHL631247L" failures="0" tests="2" name="ex_CRUD.POST.Lab272" time="2.751" errors="0" timestamp="2024-07-10T23:24:49 IST" skipped="0">
  <testcase classname="ex_CRUD.POST.Lab272" name="NonBDDStylePOSTPOsitive" time="0.406"/>
  <system-out/>
  <testcase classname="ex_CRUD.POST.Lab272" name="NonBDDStylePOSTNegative" time="2.345"/>
  <system-out/>
</testsuite> <!-- ex_CRUD.POST.Lab272 -->
